*** Using Compiler 'V5.06 update 7 (build 960)', folder: 'D:\ARM\ARMCC\Bin'
Rebuild target 'Project'
assembling startup_py32c642xx.s...
compiling py32c642_it.c...
compiling system_py32c642.c...
compiling py32c642_ll_exti.c...
compiling py32c642_ll_gpio.c...
compiling main.c...
compiling py32c642_ll_utils.c...
compiling py32c642_ll_lptim.c...
compiling py32c642_hal_cortex.c...
compiling py32c642_ll_rcc.c...
compiling py32c642_ll_adc.c...
compiling py32c642_hal.c...
compiling ADC.c...
compiling py32c642_ll_tim.c...
compiling py32c642xx_ll_Start_Kit.c...
compiling py32c642_hal_flash.c...
compiling GPIO.c...
compiling PWR.c...
compiling TIM.c...
compiling FLASH.c...
compiling sys.c...
compiling baterry.c...
compiling SwitchDip.c...
compiling LPTIM.c...
compiling ledIcRgb.c...
compiling portscan.c...
compiling Disp.c...
compiling AiP33A06.c...
compiling out.c...
compiling Sleep.c...
linking...
Program Size: Code=15196 RO-data=380 RW-data=64 ZI-data=1308  
FromELF: creating hex file...
".\Objects\Project.axf" - 0 Error(s), 0 Warning(s).
Build Time Elapsed:  00:00:02
